============================= test session starts ==============================
platform linux -- Python 3.12.3, pytest-9.0.2, pluggy-1.6.0 -- /home/mark/workspaces/tradesite/.venv/bin/python
cachedir: .pytest_cache
rootdir: /home/mark/workspaces/tradesite
configfile: pyproject.toml
plugins: cov-7.0.0
collecting ... collected 1 item

tests/templates/test_content_blocks_rendering.py::test_render_content_blocks ERROR [100%]

==================================== ERRORS ====================================
_________________ ERROR at setup of test_render_content_blocks _________________
file /home/mark/workspaces/tradesite/tests/templates/test_content_blocks_rendering.py, line 5
  @pytest.mark.django_db
  def test_render_content_blocks(client):
E       fixture 'client' not found
>       available fixtures: cache, capfd, capfdbinary, caplog, capsys, capsysbinary, capteesys, cov, django_test_environment, doctest_namespace, monkeypatch, no_cover, pytestconfig, record_property, record_testsuite_property, record_xml_attribute, recwarn, subtests, tmp_path, tmp_path_factory, tmpdir, tmpdir_factory
>       use 'pytest --fixtures [testpath]' for help on them.

/home/mark/workspaces/tradesite/tests/templates/test_content_blocks_rendering.py:5
=============================== warnings summary ===============================
.venv/lib/python3.12/site-packages/django/db/models/fields/__init__.py:1148
.venv/lib/python3.12/site-packages/django/db/models/fields/__init__.py:1148
.venv/lib/python3.12/site-packages/django/db/models/fields/__init__.py:1148
.venv/lib/python3.12/site-packages/django/db/models/fields/__init__.py:1148
.venv/lib/python3.12/site-packages/django/db/models/fields/__init__.py:1148
.venv/lib/python3.12/site-packages/django/db/models/fields/__init__.py:1148
  /home/mark/workspaces/tradesite/.venv/lib/python3.12/site-packages/django/db/models/fields/__init__.py:1148: RemovedInDjango60Warning: The default scheme will be changed from 'http' to 'https' in Django 6.0. Pass the forms.URLField.assume_scheme argument to silence this warning, or set the FORMS_URLFIELD_ASSUME_HTTPS transitional setting to True to opt into using 'https' as the new default scheme.
    return form_class(**defaults)

-- Docs: https://docs.pytest.org/en/stable/how-to/capture-warnings.html
================================ tests coverage ================================
_______________ coverage: platform linux, python 3.12.3-final-0 ________________

Name                                                                    Stmts   Miss  Cover   Missing
-----------------------------------------------------------------------------------------------------
boilerplate/__init__.py                                                     0      0   100%
cli/__init__.py                                                             0      0   100%
clients/__init__.py                                                         0      0   100%
core/__init__.py                                                            0      0   100%
core/sum_core/__init__.py                                                   2      0   100%
core/sum_core/analytics/__init__.py                                         0      0   100%
core/sum_core/apps.py                                                       8      0   100%
core/sum_core/blocks/__init__.py                                            9      0   100%
core/sum_core/blocks/base.py                                               36      0   100%
core/sum_core/blocks/content.py                                           119      0   100%
core/sum_core/blocks/gallery.py                                            19      0   100%
core/sum_core/blocks/hero.py                                               33      0   100%
core/sum_core/blocks/process_faq.py                                        50     12    76%   106-135
core/sum_core/blocks/services.py                                           23      0   100%
core/sum_core/blocks/testimonials.py                                       19      0   100%
core/sum_core/blocks/trust.py                                              32      0   100%
core/sum_core/branding/__init__.py                                          0      0   100%
core/sum_core/branding/forms.py                                            29     14    52%   57-58, 62-76
core/sum_core/branding/models.py                                           49      8    84%   198-199, 202-203, 206-209
core/sum_core/branding/panels.py                                           16      6    62%   28-29, 35-37, 41
core/sum_core/branding/templatetags/__init__.py                             0      0   100%
core/sum_core/branding/templatetags/branding_tags.py                      111    111     0%   9-212
core/sum_core/branding/theme_presets.py                                    16      3    81%   78-80
core/sum_core/integrations/__init__.py                                      0      0   100%
core/sum_core/leads/__init__.py                                             0      0   100%
core/sum_core/models.py                                                     3      0   100%
core/sum_core/pages/__init__.py                                             0      0   100%
core/sum_core/seo/__init__.py                                               0      0   100%
core/sum_core/templatetags/__init__.py                                      0      0   100%
core/sum_core/templatetags/branding_tags.py                                 2      2     0%   9-11
core/sum_core/test_project/__init__.py                                      0      0   100%
core/sum_core/test_project/home/__init__.py                                 0      0   100%
core/sum_core/test_project/home/apps.py                                     5      0   100%
core/sum_core/test_project/home/management/__init__.py                      0      0   100%
core/sum_core/test_project/home/management/commands/__init__.py             0      0   100%
core/sum_core/test_project/home/management/commands/setup_homepage.py      19     19     0%   4-37
core/sum_core/test_project/home/models.py                                  19      7    63%   45-55
core/sum_core/test_project/manage.py                                        8      8     0%   9-20
core/sum_core/test_project/test_project/__init__.py                         0      0   100%
core/sum_core/test_project/test_project/settings.py                        62      9    85%   36, 42, 120-125, 145
core/sum_core/test_project/test_project/urls.py                            11     11     0%   9-27
core/sum_core/test_project/test_project/wsgi.py                             5      5     0%   9-17
core/sum_core/utils/__init__.py                                             0      0   100%
infrastructure/__init__.py                                                  0      0   100%
scripts/__init__.py                                                         0      0   100%
-----------------------------------------------------------------------------------------------------
TOTAL                                                                     705    215    70%
Coverage HTML written to dir htmlcov
=========================== short test summary info ============================
ERROR tests/templates/test_content_blocks_rendering.py::test_render_content_blocks
======================== 6 warnings, 1 error in 31.09s =========================
